#
# There is insufficient memory for the Java Runtime Environment to continue.
# Native memory allocation (mmap) failed to map 65536 bytes. Error detail: Failed to commit metaspace.
# Possible reasons:
#   The system is out of physical RAM or swap space
#   This process is running with CompressedOops enabled, and the Java Heap may be blocking the growth of the native heap
# Possible solutions:
#   Reduce memory load on the system
#   Increase physical memory or swap space
#   Check if swap backing store is full
#   Decrease Java heap size (-Xmx/-Xms)
#   Decrease number of Java threads
#   Decrease Java thread stack sizes (-Xss)
#   Set larger code cache with -XX:ReservedCodeCacheSize=
#   JVM is running with Unscaled Compressed Oops mode in which the Java heap is
#     placed in the first 4GB address space. The Java Heap base address is the
#     maximum limit for the native heap growth. Please use -XX:HeapBaseMinAddress
#     to set the Java Heap base and to place the Java Heap above 4GB virtual address.
# This output file may be truncated or incomplete.
#
#  Out of Memory Error (virtualSpaceNode.cpp:113), pid=11004, tid=11860
#
# JRE version: OpenJDK Runtime Environment JBR-21.0.6+8-631.39-jcef (21.0.6+8) (build 21.0.6+8-b631.39)
# Java VM: OpenJDK 64-Bit Server VM JBR-21.0.6+8-631.39-jcef (21.0.6+8-b631.39, mixed mode, sharing, tiered, compressed oops, compressed class ptrs, g1 gc, windows-amd64)
# No core dump will be written. Minidumps are not enabled by default on client versions of Windows
#

---------------  S U M M A R Y ------------

Command Line: git4idea.http.GitAskPassApp Password for 'https://danibuzzi@github.com': 

Host: Intel(R) Core(TM)2 Quad CPU    Q6600  @ 2.40GHz, 4 cores, 5G,  Windows 10 , 64 bit Build 18362 (10.0.18362.329)
Time: Tue Jun  3 11:08:13 2025 Hora estándar de Argentina elapsed time: 2.008686 seconds (0d 0h 0m 2s)

---------------  T H R E A D  ---------------

Current thread (0x0000025d05f60a40):  JavaThread "main"             [_thread_in_vm, id=11860, stack(0x00000093b9600000,0x00000093b9700000) (1024K)]

Stack: [0x00000093b9600000,0x00000093b9700000]
Native frames: (J=compiled Java code, j=interpreted, Vv=VM code, C=native code)
V  [jvm.dll+0x6e5d39]
V  [jvm.dll+0x8c4133]
V  [jvm.dll+0x8c668e]
V  [jvm.dll+0x8c6d73]
V  [jvm.dll+0x288f76]
V  [jvm.dll+0x8bef7e]
V  [jvm.dll+0x686a35]
V  [jvm.dll+0x686a9a]
V  [jvm.dll+0x6892b6]
V  [jvm.dll+0x689182]
V  [jvm.dll+0x6873ee]
V  [jvm.dll+0x2726cf]
V  [jvm.dll+0x691675]
V  [jvm.dll+0x21d23c]
V  [jvm.dll+0x21d785]
V  [jvm.dll+0x21e166]
V  [jvm.dll+0x2131b9]
V  [jvm.dll+0x5c4533]
V  [jvm.dll+0x224bfb]
V  [jvm.dll+0x83af3c]
V  [jvm.dll+0x83bfe2]
V  [jvm.dll+0x83c5a4]
V  [jvm.dll+0x83c238]
V  [jvm.dll+0x2760ab]
V  [jvm.dll+0x3e38fe]
C  0x0000025d1365a51c

The last pc belongs to new (printed below).
Java frames: (J=compiled Java code, j=interpreted, Vv=VM code)
j  java.lang.invoke.VarHandles.makeFieldHandle(Ljava/lang/invoke/MemberName;Ljava/lang/Class;Ljava/lang/Class;Z)Ljava/lang/invoke/VarHandle;+271 java.base@21.0.6
j  java.lang.invoke.MethodHandles$Lookup.getFieldVarHandleCommon(BBLjava/lang/Class;Ljava/lang/invoke/MemberName;Ljava/lang/invoke/MemberName;Z)Ljava/lang/invoke/VarHandle;+270 java.base@21.0.6
j  java.lang.invoke.MethodHandles$Lookup.getFieldVarHandle(BBLjava/lang/Class;Ljava/lang/invoke/MemberName;Ljava/lang/invoke/MemberName;)Ljava/lang/invoke/VarHandle;+12 java.base@21.0.6
j  java.lang.invoke.MethodHandles$Lookup.findVarHandle(Ljava/lang/Class;Ljava/lang/String;Ljava/lang/Class;)Ljava/lang/invoke/VarHandle;+28 java.base@21.0.6
j  java.util.concurrent.atomic.AtomicBoolean.<clinit>()V+12 java.base@21.0.6
v  ~StubRoutines::call_stub 0x0000025d13641015
j  jdk.internal.net.http.HttpClientImpl.<init>(Ljdk/internal/net/http/HttpClientBuilderImpl;Ljdk/internal/net/http/HttpClientImpl$SingleFacadeFactory;)V+190 java.net.http@21.0.6
j  jdk.internal.net.http.HttpClientImpl.create(Ljdk/internal/net/http/HttpClientBuilderImpl;)Ljdk/internal/net/http/HttpClientFacade;+14 java.net.http@21.0.6
j  jdk.internal.net.http.HttpClientBuilderImpl.build()Ljava/net/http/HttpClient;+1 java.net.http@21.0.6
j  externalApp.ExternalAppUtil.sendIdeRequest(Ljava/lang/String;ILjava/lang/String;Ljava/lang/String;)LexternalApp/ExternalAppUtil$Result;+77
j  git4idea.http.GitAskPassApp.main([Ljava/lang/String;)V+37
v  ~StubRoutines::call_stub 0x0000025d13641015
new  187 new  [0x0000025d1365a3a0, 0x0000025d1365a5a0]  512 bytes
[MachCode]
  0x0000025d1365a3a0: 4883 ec08 | f30f 1104 | 24eb 1f48 | 83ec 10f2 | 0f11 0424 | eb14 4883 | ec10 4889 | 0424 48c7 
  0x0000025d1365a3c0: 4424 0800 | 0000 00eb | 0150 410f | b755 010f | cac1 ea10 | 488b 4de8 | 488b 4908 | 488b 4908 
  0x0000025d1365a3e0: 488b 4108 | 807c 1004 | 070f 85d3 | 0000 0066 | 8b54 d148 | 488b 4928 | 488b 4cd1 | 0851 80b9 
  0x0000025d1365a400: 4101 0000 | 040f 85b6 | 0000 008b | 5108 f6c2 | 010f 85aa | 0000 0049 | 8b87 b801 | 0000 488d 
  0x0000025d1365a420: 1c10 493b | 9fc8 0100 | 000f 8792 | 0000 0049 | 899f b801 | 0000 4883 | ea10 0f84 | 0f00 0000 
  0x0000025d1365a440: 33c9 c1ea | 0348 894c | d008 48ff | ca75 f648 | c700 0100 | 0000 5933 | f689 700c | 49ba 0000 
  0x0000025d1365a460: 0020 5d02 | 0000 492b | ca89 4808 | 49ba f75d | a662 f97f | 0000 4180 | 3a00 0f84 | 3c00 0000 
  0x0000025d1365a480: 5048 8bc8 | 4883 ec20 | 40f6 c40f | 0f84 1900 | 0000 4883 | ec08 48b8 | 90d2 4f62 | f97f 0000 
  0x0000025d1365a4a0: ffd0 4883 | c408 e90c | 0000 0048 | b890 d24f | 62f9 7f00 | 00ff d048 | 83c4 2058 | e9c5 0000 
  0x0000025d1365a4c0: 0059 488b | 55e8 488b | 5208 488b | 5208 450f | b745 0141 | 0fc8 41c1 | e810 e805 | 0000 00e9 
  0x0000025d1365a4e0: a200 0000 | 488d 4424 | 084c 896d | c049 8bcf | 4989 afa8 | 0300 0049 | 8987 9803 | 0000 4883 
  0x0000025d1365a500: ec20 40f6 | c40f 0f84 | 1900 0000 | 4883 ec08 | 48b8 b038 | 1962 f97f | 0000 ffd0 | 4883 c408 
  0x0000025d1365a520: e90c 0000 | 0048 b8b0 | 3819 62f9 | 7f00 00ff | d048 83c4 | 2049 c787 | 9803 0000 | 0000 0000 
  0x0000025d1365a540: 49c7 87a8 | 0300 0000 | 0000 0049 | c787 a003 | 0000 0000 | 0000 4983 | 7f08 000f | 8405 0000 
  0x0000025d1365a560: 00e9 9a69 | feff 498b | 87f0 0300 | 0049 c787 | f003 0000 | 0000 0000 | 4c8b 6dc0 | 4c8b 75c8 
  0x0000025d1365a580: 4e8d 74f5 | 00c3 410f | b65d 0349 | 83c5 0349 | bac0 28a9 | 62f9 7f00 | 0041 ff24 | da66 6690 
[/MachCode]

---------------  P R O C E S S  ---------------

Threads class SMR info:
_java_thread_list=0x0000025d1f5fed10, length=11, elements={
0x0000025d05f60a40, 0x0000025d1f3a2310, 0x0000025d1f3a5140, 0x0000025d1f3ab110,
0x0000025d1f3abb60, 0x0000025d1f3adbd0, 0x0000025d1f3ae620, 0x0000025d1f3aff50,
0x0000025d1f3c4aa0, 0x0000025d1f6181d0, 0x0000025d1f619e10
}

Java Threads: ( => current thread )
=>0x0000025d05f60a40 JavaThread "main"                              [_thread_in_vm, id=11860, stack(0x00000093b9600000,0x00000093b9700000) (1024K)]
  0x0000025d1f3a2310 JavaThread "Reference Handler"          daemon [_thread_blocked, id=5916, stack(0x00000093b9e00000,0x00000093b9f00000) (1024K)]
  0x0000025d1f3a5140 JavaThread "Finalizer"                  daemon [_thread_blocked, id=4796, stack(0x00000093b9f00000,0x00000093ba000000) (1024K)]
  0x0000025d1f3ab110 JavaThread "Signal Dispatcher"          daemon [_thread_blocked, id=11628, stack(0x00000093ba000000,0x00000093ba100000) (1024K)]
  0x0000025d1f3abb60 JavaThread "Attach Listener"            daemon [_thread_blocked, id=12156, stack(0x00000093ba100000,0x00000093ba200000) (1024K)]
  0x0000025d1f3adbd0 JavaThread "Service Thread"             daemon [_thread_blocked, id=3624, stack(0x00000093ba200000,0x00000093ba300000) (1024K)]
  0x0000025d1f3ae620 JavaThread "Monitor Deflation Thread"   daemon [_thread_blocked, id=9508, stack(0x00000093ba300000,0x00000093ba400000) (1024K)]
  0x0000025d1f3aff50 JavaThread "C2 CompilerThread0"         daemon [_thread_blocked, id=12320, stack(0x00000093ba400000,0x00000093ba500000) (1024K)]
  0x0000025d1f3c4aa0 JavaThread "C1 CompilerThread0"         daemon [_thread_blocked, id=12460, stack(0x00000093ba500000,0x00000093ba600000) (1024K)]
  0x0000025d1f6181d0 JavaThread "Notification Thread"        daemon [_thread_blocked, id=12192, stack(0x00000093ba600000,0x00000093ba700000) (1024K)]
  0x0000025d1f619e10 JavaThread "Common-Cleaner"             daemon [_thread_blocked, id=7920, stack(0x00000093ba700000,0x00000093ba800000) (1024K)]
Total: 11

Other Threads:
  0x0000025d1f386a60 VMThread "VM Thread"                           [id=11808, stack(0x00000093b9d00000,0x00000093b9e00000) (1024K)]
  0x0000025d1f3731f0 WatcherThread "VM Periodic Task Thread"        [id=8172, stack(0x00000093b9c00000,0x00000093b9d00000) (1024K)]
  0x0000025d081c4910 WorkerThread "GC Thread#0"                     [id=6468, stack(0x00000093b9700000,0x00000093b9800000) (1024K)]
  0x0000025d081d4290 ConcurrentGCThread "G1 Main Marker"            [id=11268, stack(0x00000093b9800000,0x00000093b9900000) (1024K)]
  0x0000025d081d5530 WorkerThread "G1 Conc#0"                       [id=3236, stack(0x00000093b9900000,0x00000093b9a00000) (1024K)]
  0x0000025d1f250090 ConcurrentGCThread "G1 Refine#0"               [id=2488, stack(0x00000093b9a00000,0x00000093b9b00000) (1024K)]
  0x0000025d1f250c00 ConcurrentGCThread "G1 Service"                [id=2532, stack(0x00000093b9b00000,0x00000093b9c00000) (1024K)]
Total: 7

Threads with active compile tasks:
Total: 0

VM state: not at safepoint (normal execution)

VM Mutex/Monitor currently owned by a thread:  ([mutex/lock_event])
[0x00007ff962a7c830] Metaspace_lock - owner thread: 0x0000025d05f60a40

Heap address: 0x00000000a0200000, size: 1534 MB, Compressed Oops mode: 32-bit

CDS archive(s) mapped at: [0x0000025d20000000-0x0000025d20d00000-0x0000025d20d00000), size 13631488, SharedBaseAddress: 0x0000025d20000000, ArchiveRelocationMode: 1.
Compressed class space mapped at: 0x0000025d21000000-0x0000025d61000000, reserved size: 1073741824
Narrow klass base: 0x0000025d20000000, Narrow klass shift: 0, Narrow klass range: 0x100000000

GC Precious Log:
 CardTable entry size: 512
 Card Set container configuration: InlinePtr #cards 5 size 8 Array Of Cards #cards 12 size 40 Howl #buckets 4 coarsen threshold 1843 Howl Bitmap #cards 512 size 80 coarsen threshold 460 Card regions per heap region 1 cards per card region 2048
 CPUs: 4 total, 4 available
 Memory: 6134M
 Large Page Support: Disabled
 NUMA Support: Disabled
 Compressed Oops: Enabled (32-bit)
 Heap Region Size: 1M
 Heap Min Capacity: 8M
 Heap Initial Capacity: 96M
 Heap Max Capacity: 1534M
 Pre-touch: Disabled
 Parallel Workers: 4
 Concurrent Workers: 1
 Concurrent Refinement Workers: 4
 Periodic GC: Disabled

Heap:
 garbage-first heap   total 98304K, used 6144K [0x00000000a0200000, 0x0000000100000000)
  region size 1024K, 7 young (7168K), 0 survivors (0K)
 Metaspace       used 3535K, committed 3648K, reserved 1114112K
  class space    used 391K, committed 448K, reserved 1048576K

Heap Regions: E=young(eden), S=young(survivor), O=old, HS=humongous(starts), HC=humongous(continues), CS=collection set, F=free, TAMS=top-at-mark-start, PB=parsable bottom
|   0|0x00000000a0200000, 0x00000000a0200000, 0x00000000a0300000|  0%| F|  |TAMS 0x00000000a0200000| PB 0x00000000a0200000| Untracked 
|   1|0x00000000a0300000, 0x00000000a0300000, 0x00000000a0400000|  0%| F|  |TAMS 0x00000000a0300000| PB 0x00000000a0300000| Untracked 
|   2|0x00000000a0400000, 0x00000000a0400000, 0x00000000a0500000|  0%| F|  |TAMS 0x00000000a0400000| PB 0x00000000a0400000| Untracked 
|   3|0x00000000a0500000, 0x00000000a0500000, 0x00000000a0600000|  0%| F|  |TAMS 0x00000000a0500000| PB 0x00000000a0500000| Untracked 
|   4|0x00000000a0600000, 0x00000000a0600000, 0x00000000a0700000|  0%| F|  |TAMS 0x00000000a0600000| PB 0x00000000a0600000| Untracked 
|   5|0x00000000a0700000, 0x00000000a0700000, 0x00000000a0800000|  0%| F|  |TAMS 0x00000000a0700000| PB 0x00000000a0700000| Untracked 
|   6|0x00000000a0800000, 0x00000000a0800000, 0x00000000a0900000|  0%| F|  |TAMS 0x00000000a0800000| PB 0x00000000a0800000| Untracked 
|   7|0x00000000a0900000, 0x00000000a0900000, 0x00000000a0a00000|  0%| F|  |TAMS 0x00000000a0900000| PB 0x00000000a0900000| Untracked 
|   8|0x00000000a0a00000, 0x00000000a0a00000, 0x00000000a0b00000|  0%| F|  |TAMS 0x00000000a0a00000| PB 0x00000000a0a00000| Untracked 
|   9|0x00000000a0b00000, 0x00000000a0b00000, 0x00000000a0c00000|  0%| F|  |TAMS 0x00000000a0b00000| PB 0x00000000a0b00000| Untracked 
|  10|0x00000000a0c00000, 0x00000000a0c00000, 0x00000000a0d00000|  0%| F|  |TAMS 0x00000000a0c00000| PB 0x00000000a0c00000| Untracked 
|  11|0x00000000a0d00000, 0x00000000a0d00000, 0x00000000a0e00000|  0%| F|  |TAMS 0x00000000a0d00000| PB 0x00000000a0d00000| Untracked 
|  12|0x00000000a0e00000, 0x00000000a0e00000, 0x00000000a0f00000|  0%| F|  |TAMS 0x00000000a0e00000| PB 0x00000000a0e00000| Untracked 
|  13|0x00000000a0f00000, 0x00000000a0f00000, 0x00000000a1000000|  0%| F|  |TAMS 0x00000000a0f00000| PB 0x00000000a0f00000| Untracked 
|  14|0x00000000a1000000, 0x00000000a1000000, 0x00000000a1100000|  0%| F|  |TAMS 0x00000000a1000000| PB 0x00000000a1000000| Untracked 
|  15|0x00000000a1100000, 0x00000000a1100000, 0x00000000a1200000|  0%| F|  |TAMS 0x00000000a1100000| PB 0x00000000a1100000| Untracked 
|  16|0x00000000a1200000, 0x00000000a1200000, 0x00000000a1300000|  0%| F|  |TAMS 0x00000000a1200000| PB 0x00000000a1200000| Untracked 
|  17|0x00000000a1300000, 0x00000000a1300000, 0x00000000a1400000|  0%| F|  |TAMS 0x00000000a1300000| PB 0x00000000a1300000| Untracked 
|  18|0x00000000a1400000, 0x00000000a1400000, 0x00000000a1500000|  0%| F|  |TAMS 0x00000000a1400000| PB 0x00000000a1400000| Untracked 
|  19|0x00000000a1500000, 0x00000000a1500000, 0x00000000a1600000|  0%| F|  |TAMS 0x00000000a1500000| PB 0x00000000a1500000| Untracked 
|  20|0x00000000a1600000, 0x00000000a1600000, 0x00000000a1700000|  0%| F|  |TAMS 0x00000000a1600000| PB 0x00000000a1600000| Untracked 
|  21|0x00000000a1700000, 0x00000000a1700000, 0x00000000a1800000|  0%| F|  |TAMS 0x00000000a1700000| PB 0x00000000a1700000| Untracked 
|  22|0x00000000a1800000, 0x00000000a1800000, 0x00000000a1900000|  0%| F|  |TAMS 0x00000000a1800000| PB 0x00000000a1800000| Untracked 
|  23|0x00000000a1900000, 0x00000000a1900000, 0x00000000a1a00000|  0%| F|  |TAMS 0x00000000a1900000| PB 0x00000000a1900000| Untracked 
|  24|0x00000000a1a00000, 0x00000000a1a00000, 0x00000000a1b00000|  0%| F|  |TAMS 0x00000000a1a00000| PB 0x00000000a1a00000| Untracked 
|  25|0x00000000a1b00000, 0x00000000a1b00000, 0x00000000a1c00000|  0%| F|  |TAMS 0x00000000a1b00000| PB 0x00000000a1b00000| Untracked 
|  26|0x00000000a1c00000, 0x00000000a1c00000, 0x00000000a1d00000|  0%| F|  |TAMS 0x00000000a1c00000| PB 0x00000000a1c00000| Untracked 
|  27|0x00000000a1d00000, 0x00000000a1d00000, 0x00000000a1e00000|  0%| F|  |TAMS 0x00000000a1d00000| PB 0x00000000a1d00000| Untracked 
|  28|0x00000000a1e00000, 0x00000000a1e00000, 0x00000000a1f00000|  0%| F|  |TAMS 0x00000000a1e00000| PB 0x00000000a1e00000| Untracked 
|  29|0x00000000a1f00000, 0x00000000a1f00000, 0x00000000a2000000|  0%| F|  |TAMS 0x00000000a1f00000| PB 0x00000000a1f00000| Untracked 
|  30|0x00000000a2000000, 0x00000000a2000000, 0x00000000a2100000|  0%| F|  |TAMS 0x00000000a2000000| PB 0x00000000a2000000| Untracked 
|  31|0x00000000a2100000, 0x00000000a2100000, 0x00000000a2200000|  0%| F|  |TAMS 0x00000000a2100000| PB 0x00000000a2100000| Untracked 
|  32|0x00000000a2200000, 0x00000000a2200000, 0x00000000a2300000|  0%| F|  |TAMS 0x00000000a2200000| PB 0x00000000a2200000| Untracked 
|  33|0x00000000a2300000, 0x00000000a2300000, 0x00000000a2400000|  0%| F|  |TAMS 0x00000000a2300000| PB 0x00000000a2300000| Untracked 
|  34|0x00000000a2400000, 0x00000000a2400000, 0x00000000a2500000|  0%| F|  |TAMS 0x00000000a2400000| PB 0x00000000a2400000| Untracked 
|  35|0x00000000a2500000, 0x00000000a2500000, 0x00000000a2600000|  0%| F|  |TAMS 0x00000000a2500000| PB 0x00000000a2500000| Untracked 
|  36|0x00000000a2600000, 0x00000000a2600000, 0x00000000a2700000|  0%| F|  |TAMS 0x00000000a2600000| PB 0x00000000a2600000| Untracked 
|  37|0x00000000a2700000, 0x00000000a2700000, 0x00000000a2800000|  0%| F|  |TAMS 0x00000000a2700000| PB 0x00000000a2700000| Untracked 
|  38|0x00000000a2800000, 0x00000000a2800000, 0x00000000a2900000|  0%| F|  |TAMS 0x00000000a2800000| PB 0x00000000a2800000| Untracked 
|  39|0x00000000a2900000, 0x00000000a2900000, 0x00000000a2a00000|  0%| F|  |TAMS 0x00000000a2900000| PB 0x00000000a2900000| Untracked 
|  40|0x00000000a2a00000, 0x00000000a2a00000, 0x00000000a2b00000|  0%| F|  |TAMS 0x00000000a2a00000| PB 0x00000000a2a00000| Untracked 
|  41|0x00000000a2b00000, 0x00000000a2b00000, 0x00000000a2c00000|  0%| F|  |TAMS 0x00000000a2b00000| PB 0x00000000a2b00000| Untracked 
|  42|0x00000000a2c00000, 0x00000000a2c00000, 0x00000000a2d00000|  0%| F|  |TAMS 0x00000000a2c00000| PB 0x00000000a2c00000| Untracked 
|  43|0x00000000a2d00000, 0x00000000a2d00000, 0x00000000a2e00000|  0%| F|  |TAMS 0x00000000a2d00000| PB 0x00000000a2d00000| Untracked 
|  44|0x00000000a2e00000, 0x00000000a2e00000, 0x00000000a2f00000|  0%| F|  |TAMS 0x00000000a2e00000| PB 0x00000000a2e00000| Untracked 
|  45|0x00000000a2f00000, 0x00000000a2f00000, 0x00000000a3000000|  0%| F|  |TAMS 0x00000000a2f00000| PB 0x00000000a2f00000| Untracked 
|  46|0x00000000a3000000, 0x00000000a3000000, 0x00000000a3100000|  0%| F|  |TAMS 0x00000000a3000000| PB 0x00000000a3000000| Untracked 
|  47|0x00000000a3100000, 0x00000000a3100000, 0x00000000a3200000|  0%| F|  |TAMS 0x00000000a3100000| PB 0x00000000a3100000| Untracked 
|  48|0x00000000a3200000, 0x00000000a3200000, 0x00000000a3300000|  0%| F|  |TAMS 0x00000000a3200000| PB 0x00000000a3200000| Untracked 
|  49|0x00000000a3300000, 0x00000000a3300000, 0x00000000a3400000|  0%| F|  |TAMS 0x00000000a3300000| PB 0x00000000a3300000| Untracked 
|  50|0x00000000a3400000, 0x00000000a3400000, 0x00000000a3500000|  0%| F|  |TAMS 0x00000000a3400000| PB 0x00000000a3400000| Untracked 
|  51|0x00000000a3500000, 0x00000000a3500000, 0x00000000a3600000|  0%| F|  |TAMS 0x00000000a3500000| PB 0x00000000a3500000| Untracked 
|  52|0x00000000a3600000, 0x00000000a3600000, 0x00000000a3700000|  0%| F|  |TAMS 0x00000000a3600000| PB 0x00000000a3600000| Untracked 
|  53|0x00000000a3700000, 0x00000000a3700000, 0x00000000a3800000|  0%| F|  |TAMS 0x00000000a3700000| PB 0x00000000a3700000| Untracked 
|  54|0x00000000a3800000, 0x00000000a3800000, 0x00000000a3900000|  0%| F|  |TAMS 0x00000000a3800000| PB 0x00000000a3800000| Untracked 
|  55|0x00000000a3900000, 0x00000000a3900000, 0x00000000a3a00000|  0%| F|  |TAMS 0x00000000a3900000| PB 0x00000000a3900000| Untracked 
|  56|0x00000000a3a00000, 0x00000000a3a00000, 0x00000000a3b00000|  0%| F|  |TAMS 0x00000000a3a00000| PB 0x00000000a3a00000| Untracked 
|  57|0x00000000a3b00000, 0x00000000a3b00000, 0x00000000a3c00000|  0%| F|  |TAMS 0x00000000a3b00000| PB 0x00000000a3b00000| Untracked 
|  58|0x00000000a3c00000, 0x00000000a3c00000, 0x00000000a3d00000|  0%| F|  |TAMS 0x00000000a3c00000| PB 0x00000000a3c00000| Untracked 
|  59|0x00000000a3d00000, 0x00000000a3d00000, 0x00000000a3e00000|  0%| F|  |TAMS 0x00000000a3d00000| PB 0x00000000a3d00000| Untracked 
|  60|0x00000000a3e00000, 0x00000000a3e00000, 0x00000000a3f00000|  0%| F|  |TAMS 0x00000000a3e00000| PB 0x00000000a3e00000| Untracked 
|  61|0x00000000a3f00000, 0x00000000a3f00000, 0x00000000a4000000|  0%| F|  |TAMS 0x00000000a3f00000| PB 0x00000000a3f00000| Untracked 
|  62|0x00000000a4000000, 0x00000000a4000000, 0x00000000a4100000|  0%| F|  |TAMS 0x00000000a4000000| PB 0x00000000a4000000| Untracked 
|  63|0x00000000a4100000, 0x00000000a4100000, 0x00000000a4200000|  0%| F|  |TAMS 0x00000000a4100000| PB 0x00000000a4100000| Untracked 
|  64|0x00000000a4200000, 0x00000000a4200000, 0x00000000a4300000|  0%| F|  |TAMS 0x00000000a4200000| PB 0x00000000a4200000| Untracked 
|  65|0x00000000a4300000, 0x00000000a4300000, 0x00000000a4400000|  0%| F|  |TAMS 0x00000000a4300000| PB 0x00000000a4300000| Untracked 
|  66|0x00000000a4400000, 0x00000000a4400000, 0x00000000a4500000|  0%| F|  |TAMS 0x00000000a4400000| PB 0x00000000a4400000| Untracked 
|  67|0x00000000a4500000, 0x00000000a4500000, 0x00000000a4600000|  0%| F|  |TAMS 0x00000000a4500000| PB 0x00000000a4500000| Untracked 
|  68|0x00000000a4600000, 0x00000000a4600000, 0x00000000a4700000|  0%| F|  |TAMS 0x00000000a4600000| PB 0x00000000a4600000| Untracked 
|  69|0x00000000a4700000, 0x00000000a4700000, 0x00000000a4800000|  0%| F|  |TAMS 0x00000000a4700000| PB 0x00000000a4700000| Untracked 
|  70|0x00000000a4800000, 0x00000000a4800000, 0x00000000a4900000|  0%| F|  |TAMS 0x00000000a4800000| PB 0x00000000a4800000| Untracked 
|  71|0x00000000a4900000, 0x00000000a4900000, 0x00000000a4a00000|  0%| F|  |TAMS 0x00000000a4900000| PB 0x00000000a4900000| Untracked 
|  72|0x00000000a4a00000, 0x00000000a4a00000, 0x00000000a4b00000|  0%| F|  |TAMS 0x00000000a4a00000| PB 0x00000000a4a00000| Untracked 
|  73|0x00000000a4b00000, 0x00000000a4b00000, 0x00000000a4c00000|  0%| F|  |TAMS 0x00000000a4b00000| PB 0x00000000a4b00000| Untracked 
|  74|0x00000000a4c00000, 0x00000000a4c00000, 0x00000000a4d00000|  0%| F|  |TAMS 0x00000000a4c00000| PB 0x00000000a4c00000| Untracked 
|  75|0x00000000a4d00000, 0x00000000a4d00000, 0x00000000a4e00000|  0%| F|  |TAMS 0x00000000a4d00000| PB 0x00000000a4d00000| Untracked 
|  76|0x00000000a4e00000, 0x00000000a4e00000, 0x00000000a4f00000|  0%| F|  |TAMS 0x00000000a4e00000| PB 0x00000000a4e00000| Untracked 
|  77|0x00000000a4f00000, 0x00000000a4f00000, 0x00000000a5000000|  0%| F|  |TAMS 0x00000000a4f00000| PB 0x00000000a4f00000| Untracked 
|  78|0x00000000a5000000, 0x00000000a5000000, 0x00000000a5100000|  0%| F|  |TAMS 0x00000000a5000000| PB 0x00000000a5000000| Untracked 
|  79|0x00000000a5100000, 0x00000000a5100000, 0x00000000a5200000|  0%| F|  |TAMS 0x00000000a5100000| PB 0x00000000a5100000| Untracked 
|  80|0x00000000a5200000, 0x00000000a5200000, 0x00000000a5300000|  0%| F|  |TAMS 0x00000000a5200000| PB 0x00000000a5200000| Untracked 
|  81|0x00000000a5300000, 0x00000000a5300000, 0x00000000a5400000|  0%| F|  |TAMS 0x00000000a5300000| PB 0x00000000a5300000| Untracked 
|  82|0x00000000a5400000, 0x00000000a5400000, 0x00000000a5500000|  0%| F|  |TAMS 0x00000000a5400000| PB 0x00000000a5400000| Untracked 
|  83|0x00000000a5500000, 0x00000000a5500000, 0x00000000a5600000|  0%| F|  |TAMS 0x00000000a5500000| PB 0x00000000a5500000| Untracked 
|  84|0x00000000a5600000, 0x00000000a5600000, 0x00000000a5700000|  0%| F|  |TAMS 0x00000000a5600000| PB 0x00000000a5600000| Untracked 
|  85|0x00000000a5700000, 0x00000000a5700000, 0x00000000a5800000|  0%| F|  |TAMS 0x00000000a5700000| PB 0x00000000a5700000| Untracked 
|  86|0x00000000a5800000, 0x00000000a5800000, 0x00000000a5900000|  0%| F|  |TAMS 0x00000000a5800000| PB 0x00000000a5800000| Untracked 
|  87|0x00000000a5900000, 0x00000000a5900000, 0x00000000a5a00000|  0%| F|  |TAMS 0x00000000a5900000| PB 0x00000000a5900000| Untracked 
|  88|0x00000000a5a00000, 0x00000000a5a00000, 0x00000000a5b00000|  0%| F|  |TAMS 0x00000000a5a00000| PB 0x00000000a5a00000| Untracked 
|  89|0x00000000a5b00000, 0x00000000a5b85240, 0x00000000a5c00000| 52%| E|  |TAMS 0x00000000a5b00000| PB 0x00000000a5b00000| Complete 
|  90|0x00000000a5c00000, 0x00000000a5d00000, 0x00000000a5d00000|100%| E|CS|TAMS 0x00000000a5c00000| PB 0x00000000a5c00000| Complete 
|  91|0x00000000a5d00000, 0x00000000a5e00000, 0x00000000a5e00000|100%| E|CS|TAMS 0x00000000a5d00000| PB 0x00000000a5d00000| Complete 
|  92|0x00000000a5e00000, 0x00000000a5f00000, 0x00000000a5f00000|100%| E|CS|TAMS 0x00000000a5e00000| PB 0x00000000a5e00000| Complete 
|  93|0x00000000a5f00000, 0x00000000a6000000, 0x00000000a6000000|100%| E|CS|TAMS 0x00000000a5f00000| PB 0x00000000a5f00000| Complete 
|  94|0x00000000a6000000, 0x00000000a6100000, 0x00000000a6100000|100%| E|CS|TAMS 0x00000000a6000000| PB 0x00000000a6000000| Complete 
|  95|0x00000000a6100000, 0x00000000a6200000, 0x00000000a6200000|100%| E|CS|TAMS 0x00000000a6100000| PB 0x00000000a6100000| Complete 

Card table byte_map: [0x0000025d1b410000,0x0000025d1b710000] _byte_map_base: 0x0000025d1af0f000

Marking Bits: (CMBitMap*) 0x0000025d081c5820
 Bits: [0x0000025d1b710000, 0x0000025d1cf08000)

Polling page: 0x0000025d061f0000

Metaspace:

Usage:
  Non-class:      3.07 MB used.
      Class:    391.02 KB used.
       Both:      3.45 MB used.

Virtual space:
  Non-class space:       64.00 MB reserved,       3.13 MB (  5%) committed,  1 nodes.
      Class space:        1.00 GB reserved,     448.00 KB ( <1%) committed,  1 nodes.
             Both:        1.06 GB reserved,       3.56 MB ( <1%) committed. 

Chunk freelists:
   Non-Class:  11.50 MB
       Class:  15.51 MB
        Both:  27.01 MB

MaxMetaspaceSize: unlimited
CompressedClassSpaceSize: 1.00 GB
Initial GC threshold: 21.00 MB
Current GC threshold: 21.00 MB
CDS: on
 - commit_granule_bytes: 65536.
 - commit_granule_words: 8192.
 - virtual_space_node_default_size: 8388608.
 - enlarge_chunks_in_place: 1.
 - use_allocation_guard: 0.


Internal statistics:

num_allocs_failed_limit: 0.
num_arena_births: 120.
num_arena_deaths: 0.
num_vsnodes_births: 2.
num_vsnodes_deaths: 0.
num_space_committed: 57.
num_space_uncommitted: 0.
num_chunks_returned_to_freelist: 0.
num_chunks_taken_from_freelist: 163.
num_chunk_merges: 0.
num_chunk_splits: 104.
num_chunks_enlarged: 59.
num_inconsistent_stats: 0.

CodeHeap 'non-profiled nmethods': size=120000Kb used=198Kb max_used=198Kb free=119802Kb
 bounds [0x0000025d13be0000, 0x0000025d13e50000, 0x0000025d1b110000]
CodeHeap 'profiled nmethods': size=120000Kb used=942Kb max_used=942Kb free=119057Kb
 bounds [0x0000025d0c110000, 0x0000025d0c380000, 0x0000025d13640000]
CodeHeap 'non-nmethods': size=5760Kb used=1351Kb max_used=1365Kb free=4408Kb
 bounds [0x0000025d13640000, 0x0000025d138b0000, 0x0000025d13be0000]
 total_blobs=1096 nmethods=641 adapters=361
 compilation: enabled
              stopped_count=0, restarted_count=0
 full_count=0

Compilation events (20 events):
Event: 1.994 Thread 0x0000025d1f3c4aa0  632       3       jdk.internal.org.objectweb.asm.SymbolTable::addTypeInternal (85 bytes)
Event: 1.995 Thread 0x0000025d1f3c4aa0 nmethod 632 0x0000025d0c1f6b90 code [0x0000025d0c1f6d80, 0x0000025d0c1f7398]
Event: 1.995 Thread 0x0000025d1f3c4aa0  633       3       jdk.internal.org.objectweb.asm.Frame::pop (46 bytes)
Event: 1.995 Thread 0x0000025d1f3c4aa0 nmethod 633 0x0000025d0c1f7590 code [0x0000025d0c1f7740, 0x0000025d0c1f78e0]
Event: 1.996 Thread 0x0000025d1f3c4aa0  634       3       jdk.internal.org.objectweb.asm.MethodWriter::visitAbstractType (8 bytes)
Event: 1.996 Thread 0x0000025d1f3c4aa0 nmethod 634 0x0000025d0c1f7990 code [0x0000025d0c1f7b40, 0x0000025d0c1f7c78]
Event: 1.996 Thread 0x0000025d1f3c4aa0  635       3       jdk.internal.org.objectweb.asm.MethodWriter::visitMethodInsn (191 bytes)
Event: 1.997 Thread 0x0000025d1f3c4aa0 nmethod 635 0x0000025d0c1f7d90 code [0x0000025d0c1f7fe0, 0x0000025d0c1f8728]
Event: 1.997 Thread 0x0000025d1f3c4aa0  636       3       jdk.internal.org.objectweb.asm.SymbolTable::addConstantNameAndType (137 bytes)
Event: 1.998 Thread 0x0000025d1f3c4aa0 nmethod 636 0x0000025d0c1f8a90 code [0x0000025d0c1f8d00, 0x0000025d0c1f9400]
Event: 1.998 Thread 0x0000025d1f3c4aa0  637       3       jdk.internal.org.objectweb.asm.SymbolTable$Entry::<init> (20 bytes)
Event: 1.998 Thread 0x0000025d1f3c4aa0 nmethod 637 0x0000025d0c1f9810 code [0x0000025d0c1f99c0, 0x0000025d0c1f9b18]
Event: 1.998 Thread 0x0000025d1f3c4aa0  638       3       java.lang.invoke.MethodTypeForm::cachedLambdaForm (23 bytes)
Event: 1.998 Thread 0x0000025d1f3c4aa0 nmethod 638 0x0000025d0c1f9c10 code [0x0000025d0c1f9de0, 0x0000025d0c1fa130]
Event: 1.998 Thread 0x0000025d1f3c4aa0  639       3       java.nio.Buffer::<init> (105 bytes)
Event: 1.999 Thread 0x0000025d1f3c4aa0 nmethod 639 0x0000025d0c1fa290 code [0x0000025d0c1fa540, 0x0000025d0c1fb018]
Event: 1.999 Thread 0x0000025d1f3c4aa0  640       1       java.nio.Buffer::capacity (5 bytes)
Event: 1.999 Thread 0x0000025d1f3c4aa0 nmethod 640 0x0000025d13c11510 code [0x0000025d13c116a0, 0x0000025d13c11768]
Event: 2.003 Thread 0x0000025d1f3c4aa0  641       3       java.nio.ByteBuffer::<init> (47 bytes)
Event: 2.004 Thread 0x0000025d1f3c4aa0 nmethod 641 0x0000025d0c1fb410 code [0x0000025d0c1fb5c0, 0x0000025d0c1fb7e0]

GC Heap History (0 events):
No events

Dll operation events (2 events):
Event: 0.033 Loaded shared library E:\Program Files\JetBrains\IntelliJ IDEA Community Edition 2024.3.5\jbr\bin\java.dll
Event: 0.363 Loaded shared library E:\Program Files\JetBrains\IntelliJ IDEA Community Edition 2024.3.5\jbr\bin\zip.dll

Deoptimization events (6 events):
Event: 1.440 Thread 0x0000025d05f60a40 Uncommon trap: trap_request=0xffffff45 fr.pc=0x0000025d13bf3e14 relative=0x0000000000000074
Event: 1.440 Thread 0x0000025d05f60a40 Uncommon trap: reason=unstable_if action=reinterpret pc=0x0000025d13bf3e14 method=java.lang.CharacterDataLatin1.toLowerCase(I)I @ 16 c2
Event: 1.440 Thread 0x0000025d05f60a40 DEOPT PACKING pc=0x0000025d13bf3e14 sp=0x00000093b96fae70
Event: 1.440 Thread 0x0000025d05f60a40 DEOPT UNPACKING pc=0x0000025d1369469c sp=0x00000093b96fae00 mode 2
Event: 1.954 Thread 0x0000025d05f60a40 DEOPT PACKING pc=0x0000025d0c12aacc sp=0x00000093b96fc460
Event: 1.954 Thread 0x0000025d05f60a40 DEOPT UNPACKING pc=0x0000025d13694e23 sp=0x00000093b96fb880 mode 0

Classes loaded (20 events):
Event: 1.880 Loading class java/lang/invoke/MethodHandleImpl$Makers$3 done
Event: 1.921 Loading class java/lang/runtime/ObjectMethods$1
Event: 1.921 Loading class java/lang/runtime/ObjectMethods$1 done
Event: 1.951 Loading class java/lang/invoke/DirectMethodHandle$1
Event: 1.951 Loading class java/lang/invoke/DirectMethodHandle$1 done
Event: 1.966 Loading class java/lang/invoke/MethodHandleImpl$CountingWrapper
Event: 1.966 Loading class java/lang/invoke/MethodHandleImpl$CountingWrapper done
Event: 1.970 Loading class jdk/internal/org/objectweb/asm/Edge
Event: 1.970 Loading class jdk/internal/org/objectweb/asm/Edge done
Event: 1.979 Loading class jdk/internal/foreign/MemorySessionImpl
Event: 1.979 Loading class java/lang/foreign/MemorySegment$Scope
Event: 1.979 Loading class java/lang/foreign/MemorySegment$Scope done
Event: 1.979 Loading class jdk/internal/foreign/MemorySessionImpl done
Event: 2.000 Loading class java/util/concurrent/Flow$Subscriber
Event: 2.000 Loading class java/util/concurrent/Flow$Subscriber done
Event: 2.000 Loading class java/util/concurrent/Flow$Subscription
Event: 2.000 Loading class java/util/concurrent/Flow$Subscription done
Event: 2.004 Loading class java/util/concurrent/atomic/AtomicBoolean
Event: 2.004 Loading class java/util/concurrent/atomic/AtomicBoolean done
Event: 2.004 Loading class java/lang/invoke/VarHandleInts$FieldInstanceReadWrite

Classes unloaded (0 events):
No events

Classes redefined (0 events):
No events

Internal exceptions (20 events):
Event: 1.819 Thread 0x0000025d05f60a40 Exception <a 'java/lang/NoSuchMethodError'{0x00000000a5c18708}: 'int java.lang.invoke.DirectMethodHandle$Holder.invokeStaticInit(java.lang.Object, java.lang.Object, java.lang.Object)'> (0x00000000a5c18708) 
thrown [s\src\hotspot\share\interpreter\linkResolver.cpp, line 784]
Event: 1.830 Thread 0x0000025d05f60a40 Exception <a 'java/lang/NoSuchMethodError'{0x00000000a5c25050}: 'int java.lang.invoke.DirectMethodHandle$Holder.invokeSpecial(java.lang.Object, java.lang.Object, java.lang.Object)'> (0x00000000a5c25050) 
thrown [s\src\hotspot\share\interpreter\linkResolver.cpp, line 784]
Event: 1.833 Thread 0x0000025d05f60a40 Exception <a 'java/lang/NoSuchMethodError'{0x00000000a5c2ab10}: 'int java.lang.invoke.DirectMethodHandle$Holder.invokeStaticInit(java.lang.Object, java.lang.Object)'> (0x00000000a5c2ab10) 
thrown [s\src\hotspot\share\interpreter\linkResolver.cpp, line 784]
Event: 1.835 Thread 0x0000025d05f60a40 Exception <a 'java/lang/NoSuchMethodError'{0x00000000a5c304a8}: 'int java.lang.invoke.DirectMethodHandle$Holder.invokeSpecialIFC(java.lang.Object, java.lang.Object, java.lang.Object)'> (0x00000000a5c304a8) 
thrown [s\src\hotspot\share\interpreter\linkResolver.cpp, line 784]
Event: 1.872 Thread 0x0000025d05f60a40 Exception <a 'java/lang/NoSuchMethodError'{0x00000000a5c62778}: 'java.lang.Object java.lang.invoke.DirectMethodHandle$Holder.invokeStaticInit(java.lang.Object, java.lang.Object, java.lang.Object, java.lang.Object, java.lang.Object, java.lang.Object, java.lang.Object)'> (0x00000000a5c62778) 
thrown [s\src\hotspot\share\interpreter\linkResolver.cpp, line 784]
Event: 1.875 Thread 0x0000025d05f60a40 Exception <a 'java/lang/NoSuchMethodError'{0x00000000a5c6bcc0}: 'java.lang.Object java.lang.invoke.Invokers$Holder.invoke_MT(java.lang.Object, java.lang.Object, java.lang.Object, java.lang.Object, java.lang.Object, java.lang.Object, java.lang.Object, java.lang.Object, java.lang.Object, java.lang.Object)'> (0x00000000a5c6bcc0) 
thrown [s\src\hotspot\share\interpreter\linkResolver.cpp, line 784]
Event: 1.888 Thread 0x0000025d05f60a40 Exception <a 'java/lang/NoSuchMethodError'{0x00000000a5c81560}: 'void java.lang.invoke.DelegatingMethodHandle$Holder.delegate(java.lang.Object, java.lang.Object, int, java.lang.Object)'> (0x00000000a5c81560) 
thrown [s\src\hotspot\share\interpreter\linkResolver.cpp, line 784]
Event: 1.922 Thread 0x0000025d05f60a40 Exception <a 'java/lang/NoSuchMethodError'{0x00000000a5ca3b78}: 'int java.lang.invoke.DirectMethodHandle$Holder.invokeVirtual(java.lang.Object, java.lang.Object, java.lang.Object)'> (0x00000000a5ca3b78) 
thrown [s\src\hotspot\share\interpreter\linkResolver.cpp, line 784]
Event: 1.925 Thread 0x0000025d05f60a40 Exception <a 'java/lang/NoSuchMethodError'{0x00000000a5ca7268}: 'int java.lang.invoke.DirectMethodHandle$Holder.invokeVirtual(java.lang.Object, java.lang.Object)'> (0x00000000a5ca7268) 
thrown [s\src\hotspot\share\interpreter\linkResolver.cpp, line 784]
Event: 1.931 Thread 0x0000025d05f60a40 Exception <a 'java/lang/NoSuchMethodError'{0x00000000a5cab610}: 'int java.lang.invoke.DirectMethodHandle$Holder.invokeStaticInit(java.lang.Object, int, int)'> (0x00000000a5cab610) 
thrown [s\src\hotspot\share\interpreter\linkResolver.cpp, line 784]
Event: 1.941 Thread 0x0000025d05f60a40 Exception <a 'java/lang/NoSuchMethodError'{0x00000000a5cb2c20}: 'int java.lang.invoke.DirectMethodHandle$Holder.invokeStaticInit(java.lang.Object, long, long)'> (0x00000000a5cb2c20) 
thrown [s\src\hotspot\share\interpreter\linkResolver.cpp, line 784]
Event: 1.943 Thread 0x0000025d05f60a40 Exception <a 'java/lang/NoSuchMethodError'{0x00000000a5cb96b8}: 'int java.lang.invoke.DirectMethodHandle$Holder.invokeStaticInit(java.lang.Object, float, float)'> (0x00000000a5cb96b8) 
thrown [s\src\hotspot\share\interpreter\linkResolver.cpp, line 784]
Event: 1.945 Thread 0x0000025d05f60a40 Exception <a 'java/lang/NoSuchMethodError'{0x00000000a5cc0148}: 'int java.lang.invoke.DirectMethodHandle$Holder.invokeStaticInit(java.lang.Object, double, double)'> (0x00000000a5cc0148) 
thrown [s\src\hotspot\share\interpreter\linkResolver.cpp, line 784]
Event: 1.947 Thread 0x0000025d05f60a40 Exception <a 'java/lang/NoSuchMethodError'{0x00000000a5cc47d0}: 'int java.lang.invoke.DirectMethodHandle$Holder.invokeStatic(java.lang.Object, long)'> (0x00000000a5cc47d0) 
thrown [s\src\hotspot\share\interpreter\linkResolver.cpp, line 784]
Event: 1.962 Thread 0x0000025d05f60a40 Exception <a 'java/lang/NoSuchMethodError'{0x00000000a5cee888}: 'java.lang.Object java.lang.invoke.DirectMethodHandle$Holder.invokeSpecial(java.lang.Object, java.lang.Object, int, java.lang.Object, java.lang.Object)'> (0x00000000a5cee888) 
thrown [s\src\hotspot\share\interpreter\linkResolver.cpp, line 784]
Event: 1.965 Thread 0x0000025d05f60a40 Exception <a 'java/lang/NoSuchMethodError'{0x00000000a5cf2218}: 'java.lang.Object java.lang.invoke.DelegatingMethodHandle$Holder.delegate(java.lang.Object, int, java.lang.Object, java.lang.Object)'> (0x00000000a5cf2218) 
thrown [s\src\hotspot\share\interpreter\linkResolver.cpp, line 784]
Event: 1.976 Thread 0x0000025d05f60a40 Exception <a 'java/lang/NoSuchMethodError'{0x00000000a5b01788}: 'int java.lang.invoke.Invokers$Holder.linkToTargetMethod(java.lang.Object, java.lang.Object, java.lang.Object)'> (0x00000000a5b01788) 
thrown [s\src\hotspot\share\interpreter\linkResolver.cpp, line 784]
Event: 1.989 Thread 0x0000025d05f60a40 Exception <a 'java/lang/NoSuchMethodError'{0x00000000a5b33950}: 'long java.lang.invoke.DirectMethodHandle$Holder.invokeSpecial(java.lang.Object, java.lang.Object)'> (0x00000000a5b33950) 
thrown [s\src\hotspot\share\interpreter\linkResolver.cpp, line 784]
Event: 1.994 Thread 0x0000025d05f60a40 Exception <a 'java/lang/NoSuchMethodError'{0x00000000a5b3a220}: 'int java.lang.invoke.DirectMethodHandle$Holder.invokeStatic(java.lang.Object, java.lang.Object, java.lang.Object, java.lang.Object)'> (0x00000000a5b3a220) 
thrown [s\src\hotspot\share\interpreter\linkResolver.cpp, line 784]
Event: 1.995 Thread 0x0000025d05f60a40 Exception <a 'java/lang/NoSuchMethodError'{0x00000000a5b3d640}: 'java.lang.Object java.lang.invoke.Invokers$Holder.invokeExact_MT(java.lang.Object, java.lang.Object, java.lang.Object, java.lang.Object, java.lang.Object, java.lang.Object)'> (0x00000000a5b3d640) 
thrown [s\src\hotspot\share\interpreter\linkResolver.cpp, line 784]

ZGC Phase Switch (0 events):
No events

VM Operations (8 events):
Event: 0.921 Executing VM operation: HandshakeAllThreads (Deoptimize)
Event: 0.921 Executing VM operation: HandshakeAllThreads (Deoptimize) done
Event: 0.953 Executing VM operation: HandshakeAllThreads (Deoptimize)
Event: 0.953 Executing VM operation: HandshakeAllThreads (Deoptimize) done
Event: 1.747 Executing VM operation: HandshakeAllThreads (Deoptimize)
Event: 1.747 Executing VM operation: HandshakeAllThreads (Deoptimize) done
Event: 1.747 Executing VM operation: Cleanup
Event: 1.747 Executing VM operation: Cleanup done

Memory protections (0 events):
No events

Nmethod flushes (0 events):
No events

Events (16 events):
Event: 0.177 Thread 0x0000025d05f60a40 Thread added: 0x0000025d05f60a40
Event: 0.219 Thread 0x0000025d05f60a40 Thread added: 0x0000025d1f3a2310
Event: 0.220 Thread 0x0000025d05f60a40 Thread added: 0x0000025d1f3a5140
Event: 0.223 Thread 0x0000025d05f60a40 Thread added: 0x0000025d1f3ab110
Event: 0.223 Thread 0x0000025d05f60a40 Thread added: 0x0000025d1f3abb60
Event: 0.224 Thread 0x0000025d05f60a40 Thread added: 0x0000025d1f3adbd0
Event: 0.224 Thread 0x0000025d05f60a40 Thread added: 0x0000025d1f3ae620
Event: 0.225 Thread 0x0000025d05f60a40 Thread added: 0x0000025d1f3aff50
Event: 0.226 Thread 0x0000025d05f60a40 Thread added: 0x0000025d1f3c4aa0
Event: 0.355 Thread 0x0000025d05f60a40 Thread added: 0x0000025d1f6181d0
Event: 0.367 Thread 0x0000025d05f60a40 Thread added: 0x0000025d1f619e10
Event: 0.896 Loaded shared library E:\Program Files\JetBrains\IntelliJ IDEA Community Edition 2024.3.5\jbr\bin\net.dll
Event: 0.904 Loaded shared library E:\Program Files\JetBrains\IntelliJ IDEA Community Edition 2024.3.5\jbr\bin\nio.dll
Event: 0.914 Loaded shared library E:\Program Files\JetBrains\IntelliJ IDEA Community Edition 2024.3.5\jbr\bin\zip.dll
Event: 1.110 Loaded shared library E:\Program Files\JetBrains\IntelliJ IDEA Community Edition 2024.3.5\jbr\bin\jimage.dll
Event: 1.156 Loaded shared library E:\Program Files\JetBrains\IntelliJ IDEA Community Edition 2024.3.5\jbr\bin\sunmscapi.dll


Dynamic libraries:
0x00007ff61fe00000 - 0x00007ff61fe0a000 	E:\Program Files\JetBrains\IntelliJ IDEA Community Edition 2024.3.5\jbr\bin\java.exe
0x00007ff9c9d40000 - 0x00007ff9c9f30000 	C:\Windows\SYSTEM32\ntdll.dll
0x00007ff99dcf0000 - 0x00007ff99dd0b000 	C:\Program Files\AVG\Antivirus\aswhook.dll
0x00007ff9c85d0000 - 0x00007ff9c8682000 	C:\Windows\System32\KERNEL32.DLL
0x00007ff9c6d00000 - 0x00007ff9c6fa3000 	C:\Windows\System32\KERNELBASE.dll
0x00007ff9c6fe0000 - 0x00007ff9c70da000 	C:\Windows\System32\ucrtbase.dll
0x00007ff99c740000 - 0x00007ff99c758000 	E:\Program Files\JetBrains\IntelliJ IDEA Community Edition 2024.3.5\jbr\bin\jli.dll
0x00007ff9ba6e0000 - 0x00007ff9ba6fb000 	E:\Program Files\JetBrains\IntelliJ IDEA Community Edition 2024.3.5\jbr\bin\VCRUNTIME140.dll
0x00007ff9c9a20000 - 0x00007ff9c9bb4000 	C:\Windows\System32\USER32.dll
0x00007ff9c6fb0000 - 0x00007ff9c6fd1000 	C:\Windows\System32\win32u.dll
0x00007ff9c8e50000 - 0x00007ff9c8e76000 	C:\Windows\System32\GDI32.dll
0x00007ff9c7be0000 - 0x00007ff9c7d74000 	C:\Windows\System32\gdi32full.dll
0x00007ff9c7140000 - 0x00007ff9c71de000 	C:\Windows\System32\msvcp_win.dll
0x00007ff9af5c0000 - 0x00007ff9af845000 	C:\Windows\WinSxS\amd64_microsoft.windows.common-controls_6595b64144ccf1df_6.0.18362.418_none_e6c6b287130d565d\COMCTL32.dll
0x00007ff9c8ef0000 - 0x00007ff9c8f8e000 	C:\Windows\System32\msvcrt.dll
0x00007ff9c8f90000 - 0x00007ff9c92c6000 	C:\Windows\System32\combase.dll
0x00007ff9c8210000 - 0x00007ff9c8330000 	C:\Windows\System32\RPCRT4.dll
0x00007ff9c7330000 - 0x00007ff9c73b0000 	C:\Windows\System32\bcryptPrimitives.dll
0x00007ff9c9c70000 - 0x00007ff9c9c9e000 	C:\Windows\System32\IMM32.DLL
0x00007ff9c3050000 - 0x00007ff9c305c000 	E:\Program Files\JetBrains\IntelliJ IDEA Community Edition 2024.3.5\jbr\bin\vcruntime140_1.dll
0x00007ff99c6b0000 - 0x00007ff99c73d000 	E:\Program Files\JetBrains\IntelliJ IDEA Community Edition 2024.3.5\jbr\bin\msvcp140.dll
0x00007ff961db0000 - 0x00007ff962b71000 	E:\Program Files\JetBrains\IntelliJ IDEA Community Edition 2024.3.5\jbr\bin\server\jvm.dll
0x00007ff9c87b0000 - 0x00007ff9c8853000 	C:\Windows\System32\ADVAPI32.dll
0x00007ff9c8690000 - 0x00007ff9c8727000 	C:\Windows\System32\sechost.dll
0x00007ff9c6c60000 - 0x00007ff9c6caa000 	C:\Windows\System32\POWRPROF.dll
0x00007ff9c6c10000 - 0x00007ff9c6c20000 	C:\Windows\System32\UMPDC.dll
0x00007ff9c88e0000 - 0x00007ff9c894f000 	C:\Windows\System32\WS2_32.dll
0x00007ff9c4730000 - 0x00007ff9c4754000 	C:\Windows\SYSTEM32\WINMM.dll
0x00007ff9c15a0000 - 0x00007ff9c15aa000 	C:\Windows\SYSTEM32\VERSION.dll
0x00007ff9c4700000 - 0x00007ff9c472d000 	C:\Windows\SYSTEM32\WINMMBASE.dll
0x00007ff9c7da0000 - 0x00007ff9c7dea000 	C:\Windows\System32\cfgmgr32.dll
0x00007ff9c6cb0000 - 0x00007ff9c6cc1000 	C:\Windows\System32\kernel.appcore.dll
0x00007ff9be920000 - 0x00007ff9be92a000 	E:\Program Files\JetBrains\IntelliJ IDEA Community Edition 2024.3.5\jbr\bin\jimage.dll
0x00007ff9bfcb0000 - 0x00007ff9bfea4000 	C:\Windows\SYSTEM32\DBGHELP.DLL
0x00007ff9bfc80000 - 0x00007ff9bfcaa000 	C:\Windows\SYSTEM32\dbgcore.DLL
0x00007ff9b6680000 - 0x00007ff9b66a0000 	E:\Program Files\JetBrains\IntelliJ IDEA Community Edition 2024.3.5\jbr\bin\java.dll
0x00007ff9c9330000 - 0x00007ff9c9a15000 	C:\Windows\System32\SHELL32.dll
0x00007ff9c8090000 - 0x00007ff9c8139000 	C:\Windows\System32\shcore.dll
0x00007ff9c73b0000 - 0x00007ff9c7b2f000 	C:\Windows\System32\windows.storage.dll
0x00007ff9c6c40000 - 0x00007ff9c6c5f000 	C:\Windows\System32\profapi.dll
0x00007ff9c8950000 - 0x00007ff9c89a2000 	C:\Windows\System32\shlwapi.dll
0x00007ff9c7d80000 - 0x00007ff9c7d97000 	C:\Windows\System32\cryptsp.dll
0x00007ff9b6620000 - 0x00007ff9b6638000 	E:\Program Files\JetBrains\IntelliJ IDEA Community Edition 2024.3.5\jbr\bin\zip.dll
0x00007ff9ba410000 - 0x00007ff9ba420000 	E:\Program Files\JetBrains\IntelliJ IDEA Community Edition 2024.3.5\jbr\bin\net.dll
0x00007ff9bf980000 - 0x00007ff9bfa70000 	C:\Windows\SYSTEM32\WINHTTP.dll
0x00007ff9c6420000 - 0x00007ff9c6487000 	C:\Windows\system32\mswsock.dll
0x00007ff9b3b00000 - 0x00007ff9b3b16000 	E:\Program Files\JetBrains\IntelliJ IDEA Community Edition 2024.3.5\jbr\bin\nio.dll
0x00007ff9b3af0000 - 0x00007ff9b3afe000 	E:\Program Files\JetBrains\IntelliJ IDEA Community Edition 2024.3.5\jbr\bin\sunmscapi.dll
0x00007ff9c71e0000 - 0x00007ff9c7329000 	C:\Windows\System32\CRYPT32.dll
0x00007ff9c6c20000 - 0x00007ff9c6c32000 	C:\Windows\System32\MSASN1.dll
0x00007ff9c66f0000 - 0x00007ff9c6716000 	C:\Windows\SYSTEM32\ncrypt.dll
0x00007ff9c6cd0000 - 0x00007ff9c6cf6000 	C:\Windows\System32\bcrypt.dll
0x00007ff9c66b0000 - 0x00007ff9c66eb000 	C:\Windows\SYSTEM32\NTASN1.dll
0x00007ff9c5f90000 - 0x00007ff9c5fc3000 	C:\Windows\system32\rsaenh.dll
0x00007ff9c6b00000 - 0x00007ff9c6b25000 	C:\Windows\SYSTEM32\USERENV.dll
0x00007ff9c65f0000 - 0x00007ff9c65fc000 	C:\Windows\SYSTEM32\CRYPTBASE.dll
0x00007ff9c6130000 - 0x00007ff9c616a000 	C:\Windows\SYSTEM32\IPHLPAPI.DLL
0x00007ff9c8080000 - 0x00007ff9c8088000 	C:\Windows\System32\NSI.dll

dbghelp: loaded successfully - version: 4.0.5 - missing functions: none
symbol engine: initialized successfully - sym options: 0x614 - pdb path: .;E:\Program Files\JetBrains\IntelliJ IDEA Community Edition 2024.3.5\jbr\bin;C:\Windows\SYSTEM32;C:\Program Files\AVG\Antivirus;C:\Windows\WinSxS\amd64_microsoft.windows.common-controls_6595b64144ccf1df_6.0.18362.418_none_e6c6b287130d565d;E:\Program Files\JetBrains\IntelliJ IDEA Community Edition 2024.3.5\jbr\bin\server

VM Arguments:
java_command: git4idea.http.GitAskPassApp Password for 'https://danibuzzi@github.com': 
java_class_path (initial): E:/Program Files/JetBrains/IntelliJ IDEA Community Edition 2024.3.5/plugins/vcs-git/lib/git4idea-rt.jar;E:/Program Files/JetBrains/IntelliJ IDEA Community Edition 2024.3.5/lib/externalProcess-rt.jar
Launcher Type: SUN_STANDARD

[Global flags]
     intx CICompilerCount                          = 3                                         {product} {ergonomic}
     uint ConcGCThreads                            = 1                                         {product} {ergonomic}
     uint G1ConcRefinementThreads                  = 4                                         {product} {ergonomic}
   size_t G1HeapRegionSize                         = 1048576                                   {product} {ergonomic}
    uintx GCDrainStackTargetSize                   = 64                                        {product} {ergonomic}
   size_t InitialHeapSize                          = 100663296                                 {product} {ergonomic}
   size_t MarkStackSize                            = 4194304                                   {product} {ergonomic}
   size_t MaxHeapSize                              = 1608515584                                {product} {ergonomic}
   size_t MaxNewSize                               = 964689920                                 {product} {ergonomic}
   size_t MinHeapDeltaBytes                        = 1048576                                   {product} {ergonomic}
   size_t MinHeapSize                              = 8388608                                   {product} {ergonomic}
    uintx NonNMethodCodeHeapSize                   = 5832780                                {pd product} {ergonomic}
    uintx NonProfiledCodeHeapSize                  = 122912730                              {pd product} {ergonomic}
    uintx ProfiledCodeHeapSize                     = 122912730                              {pd product} {ergonomic}
    uintx ReservedCodeCacheSize                    = 251658240                              {pd product} {ergonomic}
     bool SegmentedCodeCache                       = true                                      {product} {ergonomic}
   size_t SoftMaxHeapSize                          = 1608515584                             {manageable} {ergonomic}
     bool UseCompressedOops                        = true                           {product lp64_product} {ergonomic}
     bool UseG1GC                                  = true                                      {product} {ergonomic}
     bool UseLargePagesIndividualAllocation        = false                                  {pd product} {ergonomic}

Logging:
Log output configuration:
 #0: stdout all=warning uptime,level,tags foldmultilines=false
 #1: stderr all=off uptime,level,tags foldmultilines=false

Environment Variables:
PATH=C:\Program Files\Git\mingw64\libexec\git-core;C:\Program Files\Git\mingw64\libexec\git-core;C:\Program Files\Git\mingw64\bin;C:\Program Files\Git\usr\bin;C:\Users\daniel\bin;C:\Program Files\Common Files\Oracle\Java\javapath;C:\Windows\system32;C:\Windows;C:\Windows\System32\Wbem;C:\Windows\System32\WindowsPowerShell\v1.0;C:\Windows\System32\OpenSSH;C:\Program Files\nodejs;C:\Program Files\Git\cmd;C:\Program Files\Java\jdk-17\bin;C:\Users\daniel\AppData\Local\Programs\Python\Launcher;C:\Users\daniel\AppData\Local\Microsoft\WindowsApps;C:\Users\daniel\AppData\Local\Programs\Microsoft VS Code\bin;C:\Users\daniel\AppData\Roaming\npm;C:\Users\daniel\AppData\Local\Programs\Python\Python313\Scripts;C:\Users\daniel\AppData\Local\Programs\Python\Python313\python.exe;E:\Program Files\JetBrains\IntelliJ IDEA Community Edition 2024.3.5\bin
USERNAME=daniel
DISPLAY=:0.0
LC_ALL=en_US.UTF-8
TERM=xterm-256color
TMPDIR=C:\Users\daniel\AppData\Local\Temp
OS=Windows_NT
PROCESSOR_IDENTIFIER=Intel64 Family 6 Model 15 Stepping 11, GenuineIntel
TMP=C:\Users\daniel\AppData\Local\Temp
TEMP=C:\Users\daniel\AppData\Local\Temp




Periodic native trim disabled

JNI global refs:
JNI global refs: 17, weak refs: 0

JNI global refs memory usage: 835, weak refs: 201

Process memory usage:
Resident Set Size: 52104K (0% of 6281512K total physical memory with 411604K free physical memory)

OOME stack traces (most recent first):
Classloader memory used:
Loader bootstrap                                                                       : 3092K
Loader jdk.internal.loader.ClassLoaders$PlatformClassLoader                            : 426K
Loader jdk.internal.loader.ClassLoaders$AppClassLoader                                 : 16400B

---------------  S Y S T E M  ---------------

OS:
 Windows 10 , 64 bit Build 18362 (10.0.18362.329)
OS uptime: 0 days 14:02 hours

CPU: total 4 (initial active 4) (4 cores per cpu, 1 threads per core) family 6 model 15 stepping 11 microcode 0xba, cx8, cmov, fxsr, mmx, sse, sse2, sse3, ssse3, tsc, clflush
Processor Information for the first 4 processors :
  Max Mhz: 2400, Current Mhz: 2400, Mhz Limit: 2400

Memory: 4k page, system-wide physical 6134M (401M free)
TotalPageFile size 11116M (AvailPageFile size 1M)
current process WorkingSet (physical memory assigned to process): 50M, peak: 50M
current process commit charge ("private bytes"): 174M, peak: 175M

vm_info: OpenJDK 64-Bit Server VM (21.0.6+8-b631.39) for windows-amd64 JRE (21.0.6+8-b631.39), built on 2025-02-04 by "builduser" with MS VC++ 16.10 / 16.11 (VS2019)

END.
